2019-01-31 11:20:27,311 INFO o.a.j.u.JMeterUtils: Setting Locale to en_EN
2019-01-31 11:20:27,323 INFO o.a.j.JMeter: Loading user properties from: D:\apache-jmeter-4.0\bin\user.properties
2019-01-31 11:20:27,323 INFO o.a.j.JMeter: Loading system properties from: D:\apache-jmeter-4.0\bin\system.properties
2019-01-31 11:20:27,328 INFO o.a.j.JMeter: Copyright (c) 1998-2018 The Apache Software Foundation
2019-01-31 11:20:27,328 INFO o.a.j.JMeter: Version 4.0 r1823414
2019-01-31 11:20:27,328 INFO o.a.j.JMeter: java.version=1.8.0_91
2019-01-31 11:20:27,328 INFO o.a.j.JMeter: java.vm.name=Java HotSpot(TM) Client VM
2019-01-31 11:20:27,328 INFO o.a.j.JMeter: os.name=Windows 7
2019-01-31 11:20:27,328 INFO o.a.j.JMeter: os.arch=x86
2019-01-31 11:20:27,328 INFO o.a.j.JMeter: os.version=6.1
2019-01-31 11:20:27,328 INFO o.a.j.JMeter: file.encoding=GBK
2019-01-31 11:20:27,328 INFO o.a.j.JMeter: Max memory     =1073741824
2019-01-31 11:20:27,328 INFO o.a.j.JMeter: Available Processors =4
2019-01-31 11:20:27,332 INFO o.a.j.JMeter: Default Locale=English (EN)
2019-01-31 11:20:27,332 INFO o.a.j.JMeter: JMeter  Locale=English (EN)
2019-01-31 11:20:27,332 INFO o.a.j.JMeter: JMeterHome=D:\apache-jmeter-4.0
2019-01-31 11:20:27,332 INFO o.a.j.JMeter: user.dir  =C:\Users\fkvc\Desktop\jmeter-demo
2019-01-31 11:20:27,332 INFO o.a.j.JMeter: PWD       =C:\Users\fkvc\Desktop\jmeter-demo
2019-01-31 11:20:27,334 INFO o.a.j.JMeter: IP: 10.237.147.38 Name: fkvc-PC FullName: 10.237.147.38
2019-01-31 11:20:27,452 INFO o.a.j.g.a.LookAndFeelCommand: Installing Darcula LAF
2019-01-31 11:20:27,463 INFO o.a.j.g.a.LookAndFeelCommand: Using look and feel: com.bulenkov.darcula.DarculaLaf [Darcula]
2019-01-31 11:20:27,463 INFO o.a.j.JMeter: Setting LAF to: com.bulenkov.darcula.DarculaLaf
2019-01-31 11:20:27,509 INFO o.a.j.JMeter: Loaded icon properties from org/apache/jmeter/images/icon.properties
2019-01-31 11:20:28,148 INFO o.a.j.e.u.CompoundVariable: Note: Function class names must contain the string: '.functions.'
2019-01-31 11:20:28,148 INFO o.a.j.e.u.CompoundVariable: Note: Function class names must not contain the string: '.gui.'
2019-01-31 11:20:28,785 WARN o.j.r.PluginManager: Found JAR conflict: D:\apache-jmeter-4.0\lib\ext\mysql-connector-java-5.1.28.jar and D:\apache-jmeter-4.0\lib\mysql-connector-java-5.1.28.jar
2019-01-31 11:20:28,846 INFO o.j.r.JARSourceHTTP: Found cached repo
2019-01-31 11:20:28,958 INFO o.j.r.PluginManager: Plugins Status: [jpgc-graphs-basic=2.0, jpgc-functions=2.1, jpgc-casutg=2.6, jpgc-dummy=0.2, jpgc-ffw=2.0, jpgc-fifo=0.2, jpgc-perfmon=2.1, jpgc-plugins-manager=1.3, jpgc-tst=2.5, jmeter-core=4.0, jmeter-ftp=4.0, jmeter-http=4.0, jmeter-jdbc=4.0, jmeter-jms=4.0, jmeter-junit=4.0, jmeter-java=4.0, jmeter-ldap=4.0, jmeter-mail=4.0, jmeter-mongodb=4.0, jmeter-native=4.0, jmeter-tcp=4.0, jmeter-components=4.0, jpgc-standard=2.0]
2019-01-31 11:20:30,378 INFO o.a.j.p.h.s.HTTPSamplerBase: Parser for text/html is org.apache.jmeter.protocol.http.parser.LagartoBasedHtmlParser
2019-01-31 11:20:30,378 INFO o.a.j.p.h.s.HTTPSamplerBase: Parser for application/xhtml+xml is org.apache.jmeter.protocol.http.parser.LagartoBasedHtmlParser
2019-01-31 11:20:30,378 INFO o.a.j.p.h.s.HTTPSamplerBase: Parser for application/xml is org.apache.jmeter.protocol.http.parser.LagartoBasedHtmlParser
2019-01-31 11:20:30,378 INFO o.a.j.p.h.s.HTTPSamplerBase: Parser for text/xml is org.apache.jmeter.protocol.http.parser.LagartoBasedHtmlParser
2019-01-31 11:20:30,379 INFO o.a.j.p.h.s.HTTPSamplerBase: Parser for text/vnd.wap.wml is org.apache.jmeter.protocol.http.parser.RegexpHTMLParser
2019-01-31 11:20:30,379 INFO o.a.j.p.h.s.HTTPSamplerBase: Parser for text/css is org.apache.jmeter.protocol.http.parser.CssParser
2019-01-31 11:20:30,484 INFO o.a.j.e.KeyToolUtils: Exception checking for keytool existence, will return false, try another way.
2019-01-31 11:20:30,681 INFO o.a.j.e.KeyToolUtils: keytool found at 'D:\Java\jre\bin\keytool'
2019-01-31 11:20:30,681 INFO o.a.j.p.h.p.ProxyControl: HTTP(S) Test Script Recorder SSL Proxy will use keys that support embedded 3rd party resources in file D:\apache-jmeter-4.0\bin\proxyserver.jks
2019-01-31 11:20:30,811 INFO o.a.j.s.FileServer: Default base='C:\Users\fkvc\Desktop\jmeter-demo'
2019-01-31 11:20:31,258 INFO o.a.j.s.SampleResult: Note: Sample TimeStamps are START times
2019-01-31 11:20:31,259 INFO o.a.j.s.SampleResult: sampleresult.default.encoding is set to ISO-8859-1
2019-01-31 11:20:31,259 INFO o.a.j.s.SampleResult: sampleresult.useNanoTime=true
2019-01-31 11:20:31,259 INFO o.a.j.s.SampleResult: sampleresult.nanoThreadSleep=5000
2019-01-31 11:20:36,149 INFO o.a.j.g.a.Load: Loading file: C:\Users\fkvc\Desktop\jmeter-demo\queryQuota.jmx
2019-01-31 11:20:36,150 INFO o.a.j.s.FileServer: Set new base='C:\Users\fkvc\Desktop\jmeter-demo'
2019-01-31 11:20:36,274 INFO o.a.j.s.SaveService: Testplan (JMX) version: 2.2. Testlog (JTL) version: 2.2
2019-01-31 11:20:36,276 INFO o.a.j.s.SaveService: Using SaveService properties file encoding UTF-8
2019-01-31 11:20:36,277 INFO o.a.j.s.SaveService: Using SaveService properties version 4.0
2019-01-31 11:20:36,279 INFO o.a.j.s.SaveService: Loading file: C:\Users\fkvc\Desktop\jmeter-demo\queryQuota.jmx
2019-01-31 11:20:36,468 INFO o.a.j.s.FileServer: Set new base='C:\Users\fkvc\Desktop\jmeter-demo'
2019-01-31 11:21:19,218 INFO o.a.j.e.StandardJMeterEngine: Running the test!
2019-01-31 11:21:19,219 INFO o.a.j.s.SampleEvent: List of sample_variables: []
2019-01-31 11:21:19,219 INFO o.a.j.s.SampleEvent: List of sample_variables: []
2019-01-31 11:21:19,222 INFO o.a.j.g.u.JMeterMenuBar: setRunning(true, *local*)
2019-01-31 11:21:19,356 INFO o.a.j.e.StandardJMeterEngine: Starting ThreadGroup: 1 : Thread Group
2019-01-31 11:21:19,356 INFO o.a.j.e.StandardJMeterEngine: Starting 1 threads for group Thread Group.
2019-01-31 11:21:19,356 INFO o.a.j.e.StandardJMeterEngine: Thread will continue on error
2019-01-31 11:21:19,356 INFO o.a.j.t.ThreadGroup: Starting thread group... number=1 threads=1 ramp-up=1 perThread=1000.0 delayedStart=false
2019-01-31 11:21:19,358 INFO o.a.j.t.ThreadGroup: Started thread group number 1
2019-01-31 11:21:19,359 INFO o.a.j.e.StandardJMeterEngine: All thread groups have been started
2019-01-31 11:21:19,360 INFO o.a.j.t.JMeterThread: Thread started: Thread Group 1-1
2019-01-31 11:21:19,366 INFO o.a.j.p.h.s.HTTPHCAbstractImpl: Local host = fkvc-PC
2019-01-31 11:21:19,369 INFO o.a.j.p.h.s.HTTPHC4Impl: HTTP request retry count = 0
2019-01-31 11:21:19,786 INFO o.a.j.t.JMeterThread: Thread is done: Thread Group 1-1
2019-01-31 11:21:19,786 INFO o.a.j.t.JMeterThread: Thread finished: Thread Group 1-1
2019-01-31 11:21:19,787 INFO o.a.j.e.StandardJMeterEngine: Notifying test listeners of end of test
2019-01-31 11:21:19,787 INFO o.a.j.g.u.JMeterMenuBar: setRunning(false, *local*)
